<?xml version="1.0" encoding="UTF-8"?>
<!-- Generated by org.testng.reporters.JUnitReportReporter -->
<testsuite hostname="DESKTOP-8S7ELU3" failures="0" tests="2" name="testpack.DeliveryAddressTest" time="30.998" errors="0" timestamp="2024-07-21T20:15:10 IST" skipped="0">
  <testcase classname="testpack.DeliveryAddressTest" name="createDeliveryAddress" time="20.935"/>
  <system-out/>
  <testcase classname="testpack.DeliveryAddressTest" name="removeDeliveryAddress" time="10.063"/>
  <system-out/>
</testsuite> <!-- testpack.DeliveryAddressTest -->
