<?xml version="1.0" encoding="UTF-8"?>
<!-- Generated by org.testng.reporters.JUnitReportReporter -->
<testsuite hostname="DESKTOP-8S7ELU3" failures="0" tests="2" name="com.ecommerce.testpackage.CartTest" time="41.320" errors="0" timestamp="2024-08-28T09:29:41 IST" skipped="0">
  <testcase classname="com.ecommerce.testpackage.CartTest" name="verifyAbleToDeleteFromCart" time="2.690"/>
  <system-out/>
  <testcase classname="com.ecommerce.testpackage.CartTest" name="verifyAbleToAddToCart" time="38.630"/>
  <system-out/>
</testsuite> <!-- com.ecommerce.testpackage.CartTest -->
