<?xml version="1.0" encoding="UTF-8"?>
<!-- Generated by org.testng.reporters.JUnitReportReporter -->
<testsuite hostname="DESKTOP-8S7ELU3" failures="0" tests="1" name="testpack.LoginLogoutTest" time="4.665" errors="0" timestamp="2024-07-17T10:11:37 IST" skipped="0">
  <testcase classname="testpack.LoginLogoutTest" name="loginTest" time="4.665"/>
  <system-out/>
</testsuite> <!-- testpack.LoginLogoutTest -->
