<?xml version="1.0" encoding="UTF-8"?>
<!-- Generated by org.testng.reporters.JUnitReportReporter -->
<testsuite hostname="DESKTOP-8S7ELU3" failures="0" tests="2" name="com.ecommerce.testpackage.DeliveryAddressTest" time="28.226" errors="0" timestamp="2024-08-28T09:15:22 IST" skipped="0">
  <testcase classname="com.ecommerce.testpackage.DeliveryAddressTest" name="createDeliveryAddress" time="17.626"/>
  <system-out/>
  <testcase classname="com.ecommerce.testpackage.DeliveryAddressTest" name="removeDeliveryAddress" time="10.600"/>
  <system-out/>
</testsuite> <!-- com.ecommerce.testpackage.DeliveryAddressTest -->
