<?xml version="1.0" encoding="UTF-8"?>
<!-- Generated by org.testng.reporters.JUnitReportReporter -->
<testsuite hostname="DESKTOP-8S7ELU3" failures="0" tests="2" name="testpack.CartTest" time="53.820" errors="0" timestamp="2024-07-21T20:01:34 IST" skipped="0">
  <testcase classname="testpack.CartTest" name="verifyAbleToDeleteFromCart" time="6.243"/>
  <system-out/>
  <testcase classname="testpack.CartTest" name="verifyAbleToAddToCart" time="47.577"/>
  <system-out/>
</testsuite> <!-- testpack.CartTest -->
